expo/modules/rockbox-now-playing/android/build/intermediates/manifest_merge_blame_file/debug/processDebugManifest/manifest-merger-blame-debug-report.txt
1<?xml version="1.0" encoding="utf-8"?>
2<manifest xmlns:android="http://schemas.android.com/apk/res/android"
3    package="expo.modules.rockboxnowplaying" >
4
5    <uses-sdk android:minSdkVersion="24" />
6    <!-- Foreground service hosting the MediaSession + MediaStyle notification. -->
7    <uses-permission android:name="android.permission.FOREGROUND_SERVICE" />
7-->src/main/AndroidManifest.xml:4:3-75
7-->src/main/AndroidManifest.xml:4:20-72
8    <uses-permission android:name="android.permission.FOREGROUND_SERVICE_MEDIA_PLAYBACK" />
8-->src/main/AndroidManifest.xml:5:3-90
8-->src/main/AndroidManifest.xml:5:20-87
9    <!-- Required from Android 13 (API 33) so the notification actually renders. -->
10    <uses-permission android:name="android.permission.POST_NOTIFICATIONS" />
10-->src/main/AndroidManifest.xml:7:3-75
10-->src/main/AndroidManifest.xml:7:20-72
11    <!-- Internet for fetching artwork URLs delivered by the daemon. -->
12    <uses-permission android:name="android.permission.INTERNET" />
12-->src/main/AndroidManifest.xml:9:3-65
12-->src/main/AndroidManifest.xml:9:20-62
13
14    <application>
14-->src/main/AndroidManifest.xml:11:3-17:17
15        <service
15-->src/main/AndroidManifest.xml:12:5-16:55
16            android:name="expo.modules.rockboxnowplaying.NowPlayingService"
16-->src/main/AndroidManifest.xml:13:7-70
17            android:enabled="true"
17-->src/main/AndroidManifest.xml:14:7-29
18            android:exported="false"
18-->src/main/AndroidManifest.xml:15:7-31
19            android:foregroundServiceType="mediaPlayback" />
19-->src/main/AndroidManifest.xml:16:7-52
20    </application>
21
22</manifest>